0 info it worked if it ends with ok
1 verbose cli [
1 verbose cli   '/home/naomi/.nvm/versions/node/v20.6.0/bin/node',
1 verbose cli   '/home/naomi/.nvm/versions/node/v20.6.0/bin/npm',
1 verbose cli   'install'
1 verbose cli ]
2 info using npm@3.10.10
3 info using node@v20.6.0
4 silly loadCurrentTree Starting
5 silly install loadCurrentTree
6 silly install readLocalPackageData
7 verbose stack TypeError: cb.apply is not a function
7 verbose stack     at /home/naomi/.nvm/versions/node/v20.6.0/lib/node_modules/npm/node_modules/graceful-fs/polyfills.js:267:18
7 verbose stack     at FSReqCallback.oncomplete (node:fs:200:5)
8 verbose cwd /home/naomi/phase-0-javascript-events-acting-on-events-lab
9 error Linux 5.10.16.3-microsoft-standard-WSL2
10 error argv "/home/naomi/.nvm/versions/node/v20.6.0/bin/node" "/home/naomi/.nvm/versions/node/v20.6.0/bin/npm" "install"
11 error node v20.6.0
12 error npm  v3.10.10
13 error cb.apply is not a function
14 error If you need help, you may report this error at:
14 error     <https://github.com/npm/npm/issues>
15 verbose exit [ 1, true ]
